<?xml version="1.0" encoding="UTF-8"?>
<!-- Generated by org.testng.reporters.JUnitReportReporter -->
<testsuite hostname="DESKTOP-8TE2SC6" failures="0" tests="1" name="LoginTest.ToVerifyHomePageTest" time="7.275" errors="0" timestamp="2022-12-08T16:03:02 IST" skipped="0">
  <testcase classname="LoginTest.ToVerifyHomePageTest" name="demoTest" time="7.275"/>
  <system-out/>
</testsuite> <!-- LoginTest.ToVerifyHomePageTest -->
